0 info it worked if it ends with ok
1 verbose cli [ 'D:\\Program Files\\nodejs\\node.exe',
1 verbose cli   'D:\\Program Files\\nodejs\\node_modules\\npm\\bin\\npm-cli.js',
1 verbose cli   'start' ]
2 info using npm@3.10.8
3 info using node@v6.9.1
4 verbose run-script [ 'prestart', 'start', 'poststart' ]
5 info lifecycle react-frame@1.0.0~prestart: react-frame@1.0.0
6 silly lifecycle react-frame@1.0.0~prestart: no script for prestart, continuing
7 info lifecycle react-frame@1.0.0~start: react-frame@1.0.0
8 verbose lifecycle react-frame@1.0.0~start: unsafe-perm in lifecycle true
9 verbose lifecycle react-frame@1.0.0~start: PATH: D:\Program Files\nodejs\node_modules\npm\bin\node-gyp-bin;E:\react\bbs\node_modules\.bin;C:\Windows\system32;C:\Windows;C:\Windows\System32\Wbem;C:\Windows\System32\WindowsPowerShell\v1.0\;C:\Program Files (x86)\NVIDIA Corporation\PhysX\Common;D:\Program Files\nodejs\;D:\Program Files\TortoiseGit\bin;H:\Program Files\Java\jre7\bin;H:\Users\Administrator\AppData\Local\Android\Sdk\tools;H:\Users\Administrator\AppData\Local\Android\Sdk\platform-tools;C:\Program Files\TortoiseSVN\bin;d:\Program Files\Git\cmd;d:\Program Files\Git\mingw64\bin;d:\Program Files\Git\usr\bin;C:\Users\Administrator\AppData\Roaming\npm;C:\Users\Administrator\AppData\Local\atom\bin
10 verbose lifecycle react-frame@1.0.0~start: CWD: E:\react\bbs
11 silly lifecycle react-frame@1.0.0~start: Args: [ '/d /s /c',
11 silly lifecycle   'node ./node_modules/webpack-dev-server/bin/webpack-dev-server.js --hot --inline --progress --watch --colors --env \'development\'' ]
12 silly lifecycle react-frame@1.0.0~start: Returned: code: 3221225786  signal: null
13 info lifecycle react-frame@1.0.0~start: Failed to exec start script
14 verbose stack Error: react-frame@1.0.0 start: `node ./node_modules/webpack-dev-server/bin/webpack-dev-server.js --hot --inline --progress --watch --colors --env 'development'`
14 verbose stack Exit status 3221225786
14 verbose stack     at EventEmitter.<anonymous> (D:\Program Files\nodejs\node_modules\npm\lib\utils\lifecycle.js:255:16)
14 verbose stack     at emitTwo (events.js:106:13)
14 verbose stack     at EventEmitter.emit (events.js:191:7)
14 verbose stack     at ChildProcess.<anonymous> (D:\Program Files\nodejs\node_modules\npm\lib\utils\spawn.js:40:14)
14 verbose stack     at emitTwo (events.js:106:13)
14 verbose stack     at ChildProcess.emit (events.js:191:7)
14 verbose stack     at maybeClose (internal/child_process.js:877:16)
14 verbose stack     at Process.ChildProcess._handle.onexit (internal/child_process.js:226:5)
15 verbose pkgid react-frame@1.0.0
16 verbose cwd E:\react\bbs
17 error Windows_NT 6.1.7601
18 error argv "D:\\Program Files\\nodejs\\node.exe" "D:\\Program Files\\nodejs\\node_modules\\npm\\bin\\npm-cli.js" "start"
19 error node v6.9.1
20 error npm  v3.10.8
21 error code ELIFECYCLE
22 error react-frame@1.0.0 start: `node ./node_modules/webpack-dev-server/bin/webpack-dev-server.js --hot --inline --progress --watch --colors --env 'development'`
22 error Exit status 3221225786
23 error Failed at the react-frame@1.0.0 start script 'node ./node_modules/webpack-dev-server/bin/webpack-dev-server.js --hot --inline --progress --watch --colors --env 'development''.
23 error Make sure you have the latest version of node.js and npm installed.
23 error If you do, this is most likely a problem with the react-frame package,
23 error not with npm itself.
23 error Tell the author that this fails on your system:
23 error     node ./node_modules/webpack-dev-server/bin/webpack-dev-server.js --hot --inline --progress --watch --colors --env 'development'
23 error You can get information on how to open an issue for this project with:
23 error     npm bugs react-frame
23 error Or if that isn't available, you can get their info via:
23 error     npm owner ls react-frame
23 error There is likely additional logging output above.
24 verbose exit [ 1, true ]
